<?xml version="1.0" encoding="UTF-8"?>
<!-- Generated by org.testng.reporters.JUnitXMLReporter -->
<testsuite hostname="JMS-Developer-9.local" name="FileUploadTest" tests="8" failures="0" timestamp="15 Apr 2019 20:37:23 GMT" time="38.046" errors="0">
  <testcase name="fileUploadHappyPathTest" time="3.3" classname="com.slackassessment.test.FileUploadTests"/>
  <testcase name="testFileUploadValidFiles" time="2.841" classname="com.slackassessment.test.FileUploadTests"/>
  <testcase name="fileDeleteConfirmTest" time="2.9" classname="com.slackassessment.test.FileDeleteTests"/>
  <testcase name="fileDeleteHappyPathTest" time="2.193" classname="com.slackassessment.test.FileDeleteTests"/>
  <testcase name="fileDeleteNonExistentFileTest" time="0.105" classname="com.slackassessment.test.FileDeleteTests"/>
  <testcase name="fileListHappyPathTest" time="2.972" classname="com.slackassessment.test.FileListTests"/>
  <testcase name="fileListJustUploadExistsTest" time="22.981" classname="com.slackassessment.test.FileListTests"/>
  <testcase name="fileListPreviouslyUploadedExistsTest" time="0.517" classname="com.slackassessment.test.FileListTests"/>
</testsuite> <!-- FileUploadTest -->
