<?xml version="1.0" encoding="UTF-8"?>
<testsuite name="TestSuite" time="37.837" tests="8" errors="0" skipped="0" failures="0">
  <properties>
[...]
</properties>
  <testcase name="fileUploadHappyPathTest" classname="com.slackassessment.test.FileUploadTests" time="3.304"/>
  <testcase name="testFileUploadValidFiles" classname="com.slackassessment.test.FileUploadTests" time="2.846"/>
  <testcase name="fileDeleteConfirmTest" classname="com.slackassessment.test.FileDeleteTests" time="2.905"/>
  <testcase name="fileDeleteHappyPathTest" classname="com.slackassessment.test.FileDeleteTests" time="2.199"/>
  <testcase name="fileDeleteNonExistentFileTest" classname="com.slackassessment.test.FileDeleteTests" time="0.106"/>
  <testcase name="fileListHappyPathTest" classname="com.slackassessment.test.FileListTests" time="2.975"/>
  <testcase name="fileListJustUploadExistsTest" classname="com.slackassessment.test.FileListTests" time="22.984"/>
  <testcase name="fileListPreviouslyUploadedExistsTest" classname="com.slackassessment.test.FileListTests" time="0.518"/>
</testsuite>